<?xml version="1.0" encoding="UTF-8"?>
<testsuite xmlns:xsi="http://www.w3.org/2001/XMLSchema-instance" xsi:noNamespaceSchemaLocation="https://maven.apache.org/surefire/maven-surefire-plugin/xsd/surefire-test-report.xsd" name="com.thetestingacademy.AppTest" time="0.031" tests="1" errors="0" skipped="0" failures="0">
  <properties>
    <property name="java.specification.version" value="17"/>
    <property name="sun.jnu.encoding" value="UTF-8"/>
    <property name="java.class.path" value="/Users/pramod/Documents/MacBookBackup/Code/ATB/ATBJavaNotesMaven/ATBJavaNotesMaven/target/test-classes:/Users/pramod/Documents/MacBookBackup/Code/ATB/ATBJavaNotesMaven/ATBJavaNotesMaven/target/classes:/Users/pramod/.m2/repository/junit/junit/4.11/junit-4.11.jar:/Users/pramod/.m2/repository/org/hamcrest/hamcrest-core/1.3/hamcrest-core-1.3.jar:"/>
    <property name="java.vm.vendor" value="Homebrew"/>
    <property name="sun.arch.data.model" value="64"/>
    <property name="java.vendor.url" value="https://github.com/Homebrew/homebrew-core/issues"/>
    <property name="os.name" value="Mac OS X"/>
    <property name="java.vm.specification.version" value="17"/>
    <property name="sun.java.launcher" value="SUN_STANDARD"/>
    <property name="user.country" value="IN"/>
    <property name="sun.boot.library.path" value="/usr/local/Cellar/openjdk/17/libexec/openjdk.jdk/Contents/Home/lib"/>
    <property name="sun.java.command" value="/Users/pramod/Documents/MacBookBackup/Code/ATB/ATBJavaNotesMaven/ATBJavaNotesMaven/target/surefire/surefirebooter16103441619270417876.jar /Users/pramod/Documents/MacBookBackup/Code/ATB/ATBJavaNotesMaven/ATBJavaNotesMaven/target/surefire 2022-08-26T11-46-00_938-jvmRun1 surefire5808177629437604283tmp surefire_014369319228621757552tmp"/>
    <property name="http.nonProxyHosts" value="local|*.local|169.254/16|*.169.254/16"/>
    <property name="jdk.debug" value="release"/>
    <property name="surefire.test.class.path" value="/Users/pramod/Documents/MacBookBackup/Code/ATB/ATBJavaNotesMaven/ATBJavaNotesMaven/target/test-classes:/Users/pramod/Documents/MacBookBackup/Code/ATB/ATBJavaNotesMaven/ATBJavaNotesMaven/target/classes:/Users/pramod/.m2/repository/junit/junit/4.11/junit-4.11.jar:/Users/pramod/.m2/repository/org/hamcrest/hamcrest-core/1.3/hamcrest-core-1.3.jar:"/>
    <property name="sun.cpu.endian" value="little"/>
    <property name="user.home" value="/Users/pramod"/>
    <property name="user.language" value="en"/>
    <property name="java.specification.vendor" value="Oracle Corporation"/>
    <property name="java.version.date" value="2021-09-14"/>
    <property name="java.home" value="/usr/local/Cellar/openjdk/17/libexec/openjdk.jdk/Contents/Home"/>
    <property name="file.separator" value="/"/>
    <property name="basedir" value="/Users/pramod/Documents/MacBookBackup/Code/ATB/ATBJavaNotesMaven/ATBJavaNotesMaven"/>
    <property name="java.vm.compressedOopsMode" value="Zero based"/>
    <property name="line.separator" value="&#10;"/>
    <property name="java.specification.name" value="Java Platform API Specification"/>
    <property name="java.vm.specification.vendor" value="Oracle Corporation"/>
    <property name="surefire.real.class.path" value="/Users/pramod/Documents/MacBookBackup/Code/ATB/ATBJavaNotesMaven/ATBJavaNotesMaven/target/surefire/surefirebooter16103441619270417876.jar"/>
    <property name="sun.management.compiler" value="HotSpot 64-Bit Tiered Compilers"/>
    <property name="ftp.nonProxyHosts" value="local|*.local|169.254/16|*.169.254/16"/>
    <property name="java.runtime.version" value="17+0"/>
    <property name="user.name" value="pramod"/>
    <property name="path.separator" value=":"/>
    <property name="os.version" value="11.5"/>
    <property name="java.runtime.name" value="OpenJDK Runtime Environment"/>
    <property name="file.encoding" value="US-ASCII"/>
    <property name="java.vm.name" value="OpenJDK 64-Bit Server VM"/>
    <property name="java.vendor.version" value="Homebrew"/>
    <property name="localRepository" value="/Users/pramod/.m2/repository"/>
    <property name="java.vendor.url.bug" value="https://github.com/Homebrew/homebrew-core/issues"/>
    <property name="java.io.tmpdir" value="/var/folders/d8/ds93y2fd3rbf5kpykg7wv05r0000gn/T/"/>
    <property name="java.version" value="17"/>
    <property name="user.dir" value="/Users/pramod/Documents/MacBookBackup/Code/ATB/ATBJavaNotesMaven/ATBJavaNotesMaven"/>
    <property name="os.arch" value="x86_64"/>
    <property name="java.vm.specification.name" value="Java Virtual Machine Specification"/>
    <property name="native.encoding" value="US-ASCII"/>
    <property name="java.library.path" value="/Users/pramod/Library/Java/Extensions:/Library/Java/Extensions:/Network/Library/Java/Extensions:/System/Library/Java/Extensions:/usr/lib/java:."/>
    <property name="java.vm.info" value="mixed mode, sharing"/>
    <property name="java.vendor" value="Homebrew"/>
    <property name="java.vm.version" value="17+0"/>
    <property name="sun.io.unicode.encoding" value="UnicodeBig"/>
    <property name="socksNonProxyHosts" value="local|*.local|169.254/16|*.169.254/16"/>
    <property name="java.class.version" value="61.0"/>
  </properties>
  <testcase name="shouldAnswerWithTrue" classname="com.thetestingacademy.AppTest" time="0.001"/>
</testsuite>